This is pdfTeX, Version 3.141592653-2.6-1.40.22 (TeX Live 2022/dev/Debian) (preloaded format=pdflatex 2022.10.25)  8 MAY 2023 00:20
entering extended mode
 restricted \write18 enabled.
 %&-line parsing enabled.
**./images.tex
(./images.tex
LaTeX2e <2021-11-15> patch level 1
L3 programming layer <2022-01-21>
(/usr/share/texlive/texmf-dist/tex/latex/base/article.cls
Document Class: article 2021/10/04 v1.4n Standard LaTeX document class
(/usr/share/texlive/texmf-dist/tex/latex/base/size12.clo
File: size12.clo 2021/10/04 v1.4n Standard LaTeX file (size option)
)
\c@part=\count185
\c@section=\count186
\c@subsection=\count187
\c@subsubsection=\count188
\c@paragraph=\count189
\c@subparagraph=\count190
\c@figure=\count191
\c@table=\count192
\abovecaptionskip=\skip47
\belowcaptionskip=\skip48
\bibindent=\dimen138
) (/usr/share/texlive/texmf-dist/tex/latex/base/ifthen.sty
Package: ifthen 2020/11/24 v1.1c Standard LaTeX ifthen package (DPC)
) (/usr/share/texlive/texmf-dist/tex/latex/caption/caption.sty
Package: caption 2020/10/26 v3.5g Customizing captions (AR)
(/usr/share/texlive/texmf-dist/tex/latex/caption/caption3.sty
Package: caption3 2020/10/21 v2.2e caption3 kernel (AR)
(/usr/share/texlive/texmf-dist/tex/latex/graphics/keyval.sty
Package: keyval 2014/10/28 v1.15 key=value parser (DPC)
\KV@toks@=\toks16
)
\captionmargin=\dimen139
\captionmargin@=\dimen140
\captionwidth=\dimen141
\caption@tempdima=\dimen142
\caption@indent=\dimen143
\caption@parindent=\dimen144
\caption@hangindent=\dimen145
Package caption Info: Standard document class detected.
)
\c@caption@flags=\count193
\c@continuedfloat=\count194
) (/usr/share/texlive/texmf-dist/tex/latex/graphics/graphicx.sty
Package: graphicx 2021/09/16 v1.2d Enhanced LaTeX Graphics (DPC,SPQR)
(/usr/share/texlive/texmf-dist/tex/latex/graphics/graphics.sty
Package: graphics 2021/03/04 v1.4d Standard LaTeX Graphics (DPC,SPQR)
(/usr/share/texlive/texmf-dist/tex/latex/graphics/trig.sty
Package: trig 2021/08/11 v1.11 sin cos tan (DPC)
) (/usr/share/texlive/texmf-dist/tex/latex/graphics-cfg/graphics.cfg
File: graphics.cfg 2016/06/04 v1.11 sample graphics configuration
)
Package graphics Info: Driver file: pdftex.def on input line 107.
(/usr/share/texlive/texmf-dist/tex/latex/graphics-def/pdftex.def
File: pdftex.def 2020/10/05 v1.2a Graphics/color driver for pdftex
))
\Gin@req@height=\dimen146
\Gin@req@width=\dimen147
) (/usr/share/texlive/texmf-dist/tex/latex/hyperref/hyperref.sty
Package: hyperref 2021-06-07 v7.00m Hypertext links for LaTeX
(/usr/share/texlive/texmf-dist/tex/generic/ltxcmds/ltxcmds.sty
Package: ltxcmds 2020-05-10 v1.25 LaTeX kernel commands for general use (HO)
) (/usr/share/texlive/texmf-dist/tex/generic/iftex/iftex.sty
Package: iftex 2020/03/06 v1.0d TeX engine tests
) (/usr/share/texlive/texmf-dist/tex/generic/pdftexcmds/pdftexcmds.sty
Package: pdftexcmds 2020-06-27 v0.33 Utility functions of pdfTeX for LuaTeX (HO
)
(/usr/share/texlive/texmf-dist/tex/generic/infwarerr/infwarerr.sty
Package: infwarerr 2019/12/03 v1.5 Providing info/warning/error messages (HO)
)
Package pdftexcmds Info: \pdf@primitive is available.
Package pdftexcmds Info: \pdf@ifprimitive is available.
Package pdftexcmds Info: \pdfdraftmode found.
) (/usr/share/texlive/texmf-dist/tex/generic/kvsetkeys/kvsetkeys.sty
Package: kvsetkeys 2019/12/15 v1.18 Key value parser (HO)
) (/usr/share/texlive/texmf-dist/tex/generic/kvdefinekeys/kvdefinekeys.sty
Package: kvdefinekeys 2019-12-19 v1.6 Define keys (HO)
) (/usr/share/texlive/texmf-dist/tex/generic/pdfescape/pdfescape.sty
Package: pdfescape 2019/12/09 v1.15 Implements pdfTeX's escape features (HO)
) (/usr/share/texlive/texmf-dist/tex/latex/hycolor/hycolor.sty
Package: hycolor 2020-01-27 v1.10 Color options for hyperref/bookmark (HO)
) (/usr/share/texlive/texmf-dist/tex/latex/letltxmacro/letltxmacro.sty
Package: letltxmacro 2019/12/03 v1.6 Let assignment for LaTeX macros (HO)
) (/usr/share/texlive/texmf-dist/tex/latex/auxhook/auxhook.sty
Package: auxhook 2019-12-17 v1.6 Hooks for auxiliary files (HO)
) (/usr/share/texlive/texmf-dist/tex/latex/kvoptions/kvoptions.sty
Package: kvoptions 2020-10-07 v3.14 Key value format for package options (HO)
)
\@linkdim=\dimen148
\Hy@linkcounter=\count195
\Hy@pagecounter=\count196
(/usr/share/texlive/texmf-dist/tex/latex/hyperref/pd1enc.def
File: pd1enc.def 2021-06-07 v7.00m Hyperref: PDFDocEncoding definition (HO)
Now handling font encoding PD1 ...
... no UTF-8 mapping file for font encoding PD1
) (/usr/share/texlive/texmf-dist/tex/latex/hyperref/hyperref-langpatches.def
File: hyperref-langpatches.def 2021-06-07 v7.00m Hyperref: patches for babel la
nguages
) (/usr/share/texlive/texmf-dist/tex/generic/intcalc/intcalc.sty
Package: intcalc 2019/12/15 v1.3 Expandable calculations with integers (HO)
) (/usr/share/texlive/texmf-dist/tex/generic/etexcmds/etexcmds.sty
Package: etexcmds 2019/12/15 v1.7 Avoid name clashes with e-TeX commands (HO)
)
\Hy@SavedSpaceFactor=\count197
(/usr/share/texlive/texmf-dist/tex/latex/hyperref/puenc.def
File: puenc.def 2021-06-07 v7.00m Hyperref: PDF Unicode definition (HO)
Now handling font encoding PU ...
... no UTF-8 mapping file for font encoding PU
)
Package hyperref Info: Hyper figures OFF on input line 4192.
Package hyperref Info: Link nesting OFF on input line 4197.
Package hyperref Info: Hyper index ON on input line 4200.
Package hyperref Info: Plain pages OFF on input line 4207.
Package hyperref Info: Backreferencing OFF on input line 4212.
Package hyperref Info: Implicit mode ON; LaTeX internals redefined.
Package hyperref Info: Bookmarks ON on input line 4445.
\c@Hy@tempcnt=\count198
(/usr/share/texlive/texmf-dist/tex/latex/url/url.sty
\Urlmuskip=\muskip16
Package: url 2013/09/16  ver 3.4  Verb mode for urls, etc.
)
LaTeX Info: Redefining \url on input line 4804.
\XeTeXLinkMargin=\dimen149
(/usr/share/texlive/texmf-dist/tex/generic/bitset/bitset.sty
Package: bitset 2019/12/09 v1.3 Handle bit-vector datatype (HO)
(/usr/share/texlive/texmf-dist/tex/generic/bigintcalc/bigintcalc.sty
Package: bigintcalc 2019/12/15 v1.5 Expandable calculations on big integers (HO
)
))
\Fld@menulength=\count199
\Field@Width=\dimen150
\Fld@charsize=\dimen151
Package hyperref Info: Hyper figures OFF on input line 6076.
Package hyperref Info: Link nesting OFF on input line 6081.
Package hyperref Info: Hyper index ON on input line 6084.
Package hyperref Info: backreferencing OFF on input line 6091.
Package hyperref Info: Link coloring OFF on input line 6096.
Package hyperref Info: Link coloring with OCG OFF on input line 6101.
Package hyperref Info: PDF/A mode OFF on input line 6106.
LaTeX Info: Redefining \ref on input line 6146.
LaTeX Info: Redefining \pageref on input line 6150.
(/usr/share/texlive/texmf-dist/tex/latex/base/atbegshi-ltx.sty
Package: atbegshi-ltx 2021/01/10 v1.0c Emulation of the original atbegshi
package with kernel methods
)
\Hy@abspage=\count266
\c@Item=\count267
\c@Hfootnote=\count268
)
Package hyperref Info: Driver (autodetected): hpdftex.
(/usr/share/texlive/texmf-dist/tex/latex/hyperref/hpdftex.def
File: hpdftex.def 2021-06-07 v7.00m Hyperref driver for pdfTeX
(/usr/share/texlive/texmf-dist/tex/latex/base/atveryend-ltx.sty
Package: atveryend-ltx 2020/08/19 v1.0a Emulation of the original atveryend pac
kage
with kernel methods
)
\Fld@listcount=\count269
\c@bookmark@seq@number=\count270
(/usr/share/texlive/texmf-dist/tex/latex/rerunfilecheck/rerunfilecheck.sty
Package: rerunfilecheck 2019/12/05 v1.9 Rerun checks for auxiliary files (HO)
(/usr/share/texlive/texmf-dist/tex/generic/uniquecounter/uniquecounter.sty
Package: uniquecounter 2019/12/15 v1.4 Provide unlimited unique counter (HO)
)
Package uniquecounter Info: New unique counter `rerunfilecheck' on input line 2
86.
)
\Hy@SectionHShift=\skip49
) (/usr/share/texlive/texmf-dist/tex/latex/amsmath/amsmath.sty
Package: amsmath 2021/10/15 v2.17l AMS math features
\@mathmargin=\skip50
For additional information on amsmath, use the `?' option.
(/usr/share/texlive/texmf-dist/tex/latex/amsmath/amstext.sty
Package: amstext 2021/08/26 v2.01 AMS text
(/usr/share/texlive/texmf-dist/tex/latex/amsmath/amsgen.sty
File: amsgen.sty 1999/11/30 v2.0 generic functions
\@emptytoks=\toks17
\ex@=\dimen152
)) (/usr/share/texlive/texmf-dist/tex/latex/amsmath/amsbsy.sty
Package: amsbsy 1999/11/29 v1.2d Bold Symbols
\pmbraise@=\dimen153
) (/usr/share/texlive/texmf-dist/tex/latex/amsmath/amsopn.sty
Package: amsopn 2021/08/26 v2.02 operator names
)
\inf@bad=\count271
LaTeX Info: Redefining \frac on input line 234.
\uproot@=\count272
\leftroot@=\count273
LaTeX Info: Redefining \overline on input line 399.
\classnum@=\count274
\DOTSCASE@=\count275
LaTeX Info: Redefining \ldots on input line 496.
LaTeX Info: Redefining \dots on input line 499.
LaTeX Info: Redefining \cdots on input line 620.
\Mathstrutbox@=\box50
\strutbox@=\box51
\big@size=\dimen154
LaTeX Font Info:    Redeclaring font encoding OML on input line 743.
LaTeX Font Info:    Redeclaring font encoding OMS on input line 744.
\macc@depth=\count276
\c@MaxMatrixCols=\count277
\dotsspace@=\muskip17
\c@parentequation=\count278
\dspbrk@lvl=\count279
\tag@help=\toks18
\row@=\count280
\column@=\count281
\maxfields@=\count282
\andhelp@=\toks19
\eqnshift@=\dimen155
\alignsep@=\dimen156
\tagshift@=\dimen157
\tagwidth@=\dimen158
\totwidth@=\dimen159
\lineht@=\dimen160
\@envbody=\toks20
\multlinegap=\skip51
\multlinetaggap=\skip52
\mathdisplay@stack=\toks21
LaTeX Info: Redefining \[ on input line 2938.
LaTeX Info: Redefining \] on input line 2939.
) (/usr/share/texlive/texmf-dist/tex/latex/natbib/natbib.sty
Package: natbib 2010/09/13 8.31b (PWD, AO)
\bibhang=\skip53
\bibsep=\skip54
LaTeX Info: Redefining \cite on input line 694.
\c@NAT@ctr=\count283
)
Package hyperref Info: Option `colorlinks' set `true' on input line 20.
(/usr/share/texlive/texmf-dist/tex/latex/xcolor/xcolor.sty
Package: xcolor 2021/10/31 v2.13 LaTeX color extensions (UK)
(/usr/share/texlive/texmf-dist/tex/latex/graphics-cfg/color.cfg
File: color.cfg 2016/01/02 v1.6 sample color configuration
)
Package xcolor Info: Driver file: pdftex.def on input line 227.
Package xcolor Info: Model `cmy' substituted by `cmy0' on input line 1352.
Package xcolor Info: Model `hsb' substituted by `rgb' on input line 1356.
Package xcolor Info: Model `RGB' extended on input line 1368.
Package xcolor Info: Model `HTML' substituted by `rgb' on input line 1370.
Package xcolor Info: Model `Hsb' substituted by `hsb' on input line 1371.
Package xcolor Info: Model `tHsb' substituted by `hsb' on input line 1372.
Package xcolor Info: Model `HSB' substituted by `hsb' on input line 1373.
Package xcolor Info: Model `Gray' substituted by `gray' on input line 1374.
Package xcolor Info: Model `wave' substituted by `hsb' on input line 1375.
)
\sizebox=\box52
\lthtmlwrite=\write3
(/usr/share/texmf/tex/latex/preview/preview.sty
Package: preview 2017/04/24 12.2 (AUCTeX/preview-latex)
(/usr/share/texlive/texmf-dist/tex/generic/luatex85/luatex85.sty
Package: luatex85 2016/06/15 v1.4 pdftex aliases for luatex
) (/usr/share/texmf/tex/latex/preview/prtightpage.def
\PreviewBorder=\dimen161
)
\pr@snippet=\count284
\pr@box=\box53
\pr@output=\toks22
)
\lthtmlPageBox=\box54
\lthtmlCropMarkHeight=\dimen162
\lthtmlCropMarkDepth=\dimen163
(/usr/share/texlive/texmf-dist/tex/latex/l3backend/l3backend-pdftex.def
File: l3backend-pdftex.def 2022-01-12 L3 backend support: PDF output (pdfTeX)
\l__color_backend_stack_int=\count285
\l__pdf_internal_box=\box55
) (./images.aux)
\openout1 = `images.aux'.

LaTeX Font Info:    Checking defaults for OML/cmm/m/it on input line 134.
LaTeX Font Info:    ... okay on input line 134.
LaTeX Font Info:    Checking defaults for OMS/cmsy/m/n on input line 134.
LaTeX Font Info:    ... okay on input line 134.
LaTeX Font Info:    Checking defaults for OT1/cmr/m/n on input line 134.
LaTeX Font Info:    ... okay on input line 134.
LaTeX Font Info:    Checking defaults for T1/cmr/m/n on input line 134.
LaTeX Font Info:    ... okay on input line 134.
LaTeX Font Info:    Checking defaults for TS1/cmr/m/n on input line 134.
LaTeX Font Info:    ... okay on input line 134.
LaTeX Font Info:    Checking defaults for OMX/cmex/m/n on input line 134.
LaTeX Font Info:    ... okay on input line 134.
LaTeX Font Info:    Checking defaults for U/cmr/m/n on input line 134.
LaTeX Font Info:    ... okay on input line 134.
LaTeX Font Info:    Checking defaults for PD1/pdf/m/n on input line 134.
LaTeX Font Info:    ... okay on input line 134.
LaTeX Font Info:    Checking defaults for PU/pdf/m/n on input line 134.
LaTeX Font Info:    ... okay on input line 134.
Package caption Info: Begin \AtBeginDocument code.
Package caption Info: hyperref package is loaded.
Package caption Info: End \AtBeginDocument code.
(/usr/share/texlive/texmf-dist/tex/context/base/mkii/supp-pdf.mkii
[Loading MPS to PDF converter (version 2006.09.02).]
\scratchcounter=\count286
\scratchdimen=\dimen164
\scratchbox=\box56
\nofMPsegments=\count287
\nofMParguments=\count288
\everyMPshowfont=\toks23
\MPscratchCnt=\count289
\MPscratchDim=\dimen165
\MPnumerator=\count290
\makeMPintoPDFobject=\count291
\everyMPtoPDFconversion=\toks24
) (/usr/share/texlive/texmf-dist/tex/latex/epstopdf-pkg/epstopdf-base.sty
Package: epstopdf-base 2020-01-24 v2.11 Base part for package epstopdf
(/usr/share/texlive/texmf-dist/tex/latex/grfext/grfext.sty
Package: grfext 2019/12/03 v1.3 Manage graphics extensions (HO)
)
Package epstopdf-base Info: Redefining graphics rule for `.eps' on input line 4
85.
Package grfext Info: Graphics extension search list:
(grfext)             [.pdf,.png,.jpg,.mps,.jpeg,.jbig2,.jb2,.PDF,.PNG,.JPG,.JPE
G,.JBIG2,.JB2,.eps]
(grfext)             \AppendGraphicsExtensions on input line 504.
(/usr/share/texlive/texmf-dist/tex/latex/latexconfig/epstopdf-sys.cfg
File: epstopdf-sys.cfg 2010/07/13 v1.3 Configuration of (r)epstopdf for TeX Liv
e
))
Package hyperref Info: Link coloring ON on input line 134.
(/usr/share/texlive/texmf-dist/tex/latex/hyperref/nameref.sty
Package: nameref 2021-04-02 v2.47 Cross-referencing by name of section
(/usr/share/texlive/texmf-dist/tex/latex/refcount/refcount.sty
Package: refcount 2019/12/15 v3.6 Data extraction from label references (HO)
) (/usr/share/texlive/texmf-dist/tex/generic/gettitlestring/gettitlestring.sty
Package: gettitlestring 2019/12/15 v1.6 Cleanup title references (HO)
)
\c@section@level=\count292
)
LaTeX Info: Redefining \ref on input line 134.
LaTeX Info: Redefining \pageref on input line 134.
LaTeX Info: Redefining \nameref on input line 134.
\@outlinefile=\write4
\openout4 = `images.out'.

Preview: Fontsize 12pt
Preview: PDFoutput 1

latex2htmlLength hsize=390.0pt

latex2htmlLength vsize=632.5pt

latex2htmlLength hoffset=0.0pt

latex2htmlLength voffset=0.0pt

latex2htmlLength topmargin=0.0pt

latex2htmlLength topskip=0.00003pt

latex2htmlLength headheight=0.0pt

latex2htmlLength headsep=0.0pt

latex2htmlLength parskip=0.0pt plus 1.0pt

latex2htmlLength oddsidemargin=39.0pt

latex2htmlLength evensidemargin=39.0pt


:tex2html_wrap_inline625:lthtmlCropMarkHeight:=14.55331pt

:tex2html_wrap_inline625:lthtmlCropMarkDepth:=2.33331pt:1ex:=5.33331pt
Preview: Tightpage -65781 -65781 65781 65781
[1{/var/lib/texmf/fonts/map/pdftex/updmap/pdftex.map}]

:tex2html_wrap_indisplay627:lthtmlCropMarkHeight:=15.0pt

:tex2html_wrap_indisplay627:lthtmlCropMarkDepth:=3.0pt:1ex:=5.33331pt
[2]

:tex2html_wrap_inline629:lthtmlCropMarkHeight:=14.55331pt

:tex2html_wrap_inline629:lthtmlCropMarkDepth:=2.33331pt:1ex:=5.33331pt
[3]

:tex2html_wrap_inline631:lthtmlCropMarkHeight:=14.55331pt

:tex2html_wrap_inline631:lthtmlCropMarkDepth:=2.33331pt:1ex:=5.33331pt
[4]

:tex2html_wrap_inline633:lthtmlCropMarkHeight:=14.55331pt

:tex2html_wrap_inline633:lthtmlCropMarkDepth:=2.33331pt:1ex:=5.33331pt
[5]

:tex2html_wrap_inline635:lthtmlCropMarkHeight:=14.33331pt

:tex2html_wrap_inline635:lthtmlCropMarkDepth:=2.33331pt:1ex:=5.33331pt
[6]
Package epstopdf Info: Source file: <one_layer.eps>
(epstopdf)                    date: 2023-01-06 10:14:04
(epstopdf)                    size: 55468 bytes
(epstopdf)             Output file: <one_layer-eps-converted-to.pdf>
(epstopdf)                    date: 2023-01-06 10:37:25
(epstopdf)                    size: 7224 bytes
(epstopdf)             Command: <repstopdf --outfile=one_layer-eps-converted-to
.pdf one_layer.eps>
(epstopdf)             \includegraphics on input line 196.
Package epstopdf Info: Output file is already uptodate.
<one_layer-eps-converted-to.pdf, id=32, 747.79375pt x 277.035pt>
File: one_layer-eps-converted-to.pdf Graphic file (type pdf)
<use one_layer-eps-converted-to.pdf>
Package pdftex.def Info: one_layer-eps-converted-to.pdf  used on input line 196
.
(pdftex.def)             Requested size: 390.0pt x 144.48174pt.

Overfull \hbox (17.62482pt too wide) in paragraph at lines 196--197
[][] 
 []


:tex2html_wrap637:lthtmlCropMarkHeight:=150.48174pt

:tex2html_wrap637:lthtmlCropMarkDepth:=0.0pt:1ex:=5.33331pt
[7 </home/bp1/sandbox/deep-learning-analytics/one_layer-eps-converted-to.pdf>]

:tex2html_wrap_inline642:lthtmlCropMarkHeight:=15.0pt

:tex2html_wrap_inline642:lthtmlCropMarkDepth:=3.0pt:1ex:=5.33331pt
[8]

:tex2html_wrap_inline644:lthtmlCropMarkHeight:=13.86708pt

:tex2html_wrap_inline644:lthtmlCropMarkDepth:=0.0pt:1ex:=5.33331pt
[9]

:tex2html_wrap_inline646:lthtmlCropMarkHeight:=11.16667pt

:tex2html_wrap_inline646:lthtmlCropMarkDepth:=0.0pt:1ex:=5.33331pt
[10]

:tex2html_wrap_inline648:lthtmlCropMarkHeight:=15.0pt

:tex2html_wrap_inline648:lthtmlCropMarkDepth:=3.35555pt:1ex:=5.33331pt
[11]

:tex2html_wrap_inline650:lthtmlCropMarkHeight:=11.16667pt

:tex2html_wrap_inline650:lthtmlCropMarkDepth:=3.35555pt:1ex:=5.33331pt
[12]

:tex2html_wrap_indisplay652:lthtmlCropMarkHeight:=18.60007pt

:tex2html_wrap_indisplay652:lthtmlCropMarkDepth:=16.64433pt:1ex:=5.33331pt
[13]

:tex2html_wrap_indisplay663:lthtmlCropMarkHeight:=15.0pt

:tex2html_wrap_indisplay663:lthtmlCropMarkDepth:=3.0pt:1ex:=5.33331pt
[14]

:tex2html_wrap_inline665:lthtmlCropMarkHeight:=15.0pt

:tex2html_wrap_inline665:lthtmlCropMarkDepth:=3.0pt:1ex:=5.33331pt
[15]

:tex2html_wrap_inline667:lthtmlCropMarkHeight:=15.0pt

:tex2html_wrap_inline667:lthtmlCropMarkDepth:=3.0pt:1ex:=5.33331pt
[16]

:tex2html_wrap_indisplay669:lthtmlCropMarkHeight:=21.85141pt

:tex2html_wrap_indisplay669:lthtmlCropMarkDepth:=8.23141pt:1ex:=5.33331pt
[17]

:tex2html_wrap_indisplay675:lthtmlCropMarkHeight:=14.2pt

:tex2html_wrap_indisplay675:lthtmlCropMarkDepth:=3.35555pt:1ex:=5.33331pt
[18]

:tex2html_wrap_indisplay677:lthtmlCropMarkHeight:=10.33081pt

:tex2html_wrap_indisplay677:lthtmlCropMarkDepth:=0.0pt:1ex:=5.33331pt
[19]

:tex2html_wrap_indisplay679:lthtmlCropMarkHeight:=22.4514pt

:tex2html_wrap_indisplay679:lthtmlCropMarkDepth:=11.58696pt:1ex:=5.33331pt
[20]

:tex2html_wrap_indisplay681:lthtmlCropMarkHeight:=11.16667pt

:tex2html_wrap_indisplay681:lthtmlCropMarkDepth:=3.35555pt:1ex:=5.33331pt
[21]

:tex2html_wrap_indisplay683:lthtmlCropMarkHeight:=10.4025pt

:tex2html_wrap_indisplay683:lthtmlCropMarkDepth:=0.0pt:1ex:=5.33331pt
[22]

:tex2html_wrap_indisplay685:lthtmlCropMarkHeight:=14.2pt

:tex2html_wrap_indisplay685:lthtmlCropMarkDepth:=3.35555pt:1ex:=5.33331pt
[23]

:tex2html_wrap_inline687:lthtmlCropMarkHeight:=14.2pt

:tex2html_wrap_inline687:lthtmlCropMarkDepth:=0.0pt:1ex:=5.33331pt
[24]

:tex2html_wrap_indisplay703:lthtmlCropMarkHeight:=23.62836pt

:tex2html_wrap_indisplay703:lthtmlCropMarkDepth:=11.58696pt:1ex:=5.33331pt
[25]

:tex2html_wrap_indisplay707:lthtmlCropMarkHeight:=34.26903pt

:tex2html_wrap_indisplay707:lthtmlCropMarkDepth:=11.58696pt:1ex:=5.33331pt
[26]

:tex2html_wrap_indisplay711:lthtmlCropMarkHeight:=27.00017pt

:tex2html_wrap_indisplay711:lthtmlCropMarkDepth:=35.2843pt:1ex:=5.33331pt
[27]

:tex2html_wrap_indisplay715:lthtmlCropMarkHeight:=22.4514pt

:tex2html_wrap_indisplay715:lthtmlCropMarkDepth:=30.61324pt:1ex:=5.33331pt
[28]

:tex2html_wrap_indisplay719:lthtmlCropMarkHeight:=15.0pt

:tex2html_wrap_indisplay719:lthtmlCropMarkDepth:=3.35555pt:1ex:=5.33331pt
[29]

:tex2html_wrap_inline721:lthtmlCropMarkHeight:=13.73332pt

:tex2html_wrap_inline721:lthtmlCropMarkDepth:=2.33331pt:1ex:=5.33331pt
[30]

:tex2html_wrap_inline723:lthtmlCropMarkHeight:=15.0pt

:tex2html_wrap_inline723:lthtmlCropMarkDepth:=3.35555pt:1ex:=5.33331pt
[31]

:tex2html_wrap_inline725:lthtmlCropMarkHeight:=15.0pt

:tex2html_wrap_inline725:lthtmlCropMarkDepth:=3.0pt:1ex:=5.33331pt
[32]

:tex2html_wrap_inline731:lthtmlCropMarkHeight:=11.16667pt

:tex2html_wrap_inline731:lthtmlCropMarkDepth:=3.35555pt:1ex:=5.33331pt
[33]

:tex2html_wrap_inline733:lthtmlCropMarkHeight:=11.16667pt

:tex2html_wrap_inline733:lthtmlCropMarkDepth:=1.79999pt:1ex:=5.33331pt
[34]

:tex2html_wrap_inline735:lthtmlCropMarkHeight:=11.16667pt

:tex2html_wrap_inline735:lthtmlCropMarkDepth:=2.33331pt:1ex:=5.33331pt
[35]

:tex2html_wrap_inline737:lthtmlCropMarkHeight:=14.33331pt

:tex2html_wrap_inline737:lthtmlCropMarkDepth:=1.79999pt:1ex:=5.33331pt
[36]

:tex2html_wrap_inline739:lthtmlCropMarkHeight:=11.16667pt

:tex2html_wrap_inline739:lthtmlCropMarkDepth:=3.35555pt:1ex:=5.33331pt
[37]

:tex2html_wrap_inline741:lthtmlCropMarkHeight:=11.16667pt

:tex2html_wrap_inline741:lthtmlCropMarkDepth:=1.79999pt:1ex:=5.33331pt
[38]

:tex2html_wrap_inline743:lthtmlCropMarkHeight:=11.16667pt

:tex2html_wrap_inline743:lthtmlCropMarkDepth:=3.35555pt:1ex:=5.33331pt
[39]

:tex2html_wrap_indisplay745:lthtmlCropMarkHeight:=22.4514pt

:tex2html_wrap_indisplay745:lthtmlCropMarkDepth:=27.78249pt:1ex:=5.33331pt
[40]

:tex2html_wrap_inline747:lthtmlCropMarkHeight:=16.28033pt

:tex2html_wrap_inline747:lthtmlCropMarkDepth:=6.5244pt:1ex:=5.33331pt
[41]

:tex2html_wrap_indisplay751:lthtmlCropMarkHeight:=22.4514pt

:tex2html_wrap_indisplay751:lthtmlCropMarkDepth:=29.81323pt:1ex:=5.33331pt
[42]

:tex2html_wrap_indisplay753:lthtmlCropMarkHeight:=27.00017pt

:tex2html_wrap_indisplay753:lthtmlCropMarkDepth:=15.08878pt:1ex:=5.33331pt
[43]

:tex2html_wrap_indisplay755:lthtmlCropMarkHeight:=18.60007pt

:tex2html_wrap_indisplay755:lthtmlCropMarkDepth:=15.35564pt:1ex:=5.33331pt
[44]

:tex2html_wrap_indisplay758:lthtmlCropMarkHeight:=22.4514pt

:tex2html_wrap_indisplay758:lthtmlCropMarkDepth:=11.58696pt:1ex:=5.33331pt
[45]

:tex2html_wrap_indisplay762:lthtmlCropMarkHeight:=27.00017pt

:tex2html_wrap_indisplay762:lthtmlCropMarkDepth:=28.98248pt:1ex:=5.33331pt
[46]

:tex2html_wrap_indisplay766:lthtmlCropMarkHeight:=27.00017pt

:tex2html_wrap_indisplay766:lthtmlCropMarkDepth:=15.08878pt:1ex:=5.33331pt
[47]

:tex2html_wrap_indisplay770:lthtmlCropMarkHeight:=18.60007pt

:tex2html_wrap_indisplay770:lthtmlCropMarkDepth:=33.31505pt:1ex:=5.33331pt
[48]
Package epstopdf Info: Source file: <nonlin.eps>
(epstopdf)                    date: 2023-01-06 10:14:04
(epstopdf)                    size: 47736 bytes
(epstopdf)             Output file: <nonlin-eps-converted-to.pdf>
(epstopdf)                    date: 2023-01-06 10:37:26
(epstopdf)                    size: 6771 bytes
(epstopdf)             Command: <repstopdf --outfile=nonlin-eps-converted-to.pd
f nonlin.eps>
(epstopdf)             \includegraphics on input line 453.
Package epstopdf Info: Output file is already uptodate.
<nonlin-eps-converted-to.pdf, id=222, 341.275pt x 166.6225pt>
File: nonlin-eps-converted-to.pdf Graphic file (type pdf)
<use nonlin-eps-converted-to.pdf>
Package pdftex.def Info: nonlin-eps-converted-to.pdf  used on input line 453.
(pdftex.def)             Requested size: 195.0pt x 95.20717pt.

:tex2html_wrap773:lthtmlCropMarkHeight:=101.20717pt

:tex2html_wrap773:lthtmlCropMarkDepth:=0.0pt:1ex:=5.33331pt
[49 </home/bp1/sandbox/deep-learning-analytics/nonlin-eps-converted-to.pdf>]

:tex2html_wrap_inline779:lthtmlCropMarkHeight:=14.2pt

:tex2html_wrap_inline779:lthtmlCropMarkDepth:=0.0pt:1ex:=5.33331pt
[50]

:tex2html_wrap_indisplay781:lthtmlCropMarkHeight:=45.00035pt

:tex2html_wrap_indisplay781:lthtmlCropMarkDepth:=33.70393pt:1ex:=5.33331pt
[51]

:tex2html_wrap_indisplay783:lthtmlCropMarkHeight:=22.4514pt

:tex2html_wrap_indisplay783:lthtmlCropMarkDepth:=26.28249pt:1ex:=5.33331pt
[52]

:tex2html_wrap_inline785:lthtmlCropMarkHeight:=14.79916pt

:tex2html_wrap_inline785:lthtmlCropMarkDepth:=0.0pt:1ex:=5.33331pt
[53]

:tex2html_wrap_indisplay789:lthtmlCropMarkHeight:=15.39915pt

:tex2html_wrap_indisplay789:lthtmlCropMarkDepth:=3.35555pt:1ex:=5.33331pt
[54]

:tex2html_wrap_indisplay791:lthtmlCropMarkHeight:=18.60007pt

:tex2html_wrap_indisplay791:lthtmlCropMarkDepth:=33.31505pt:1ex:=5.33331pt
[55]

:displaymath793:lthtmlCropMarkHeight:=49.50035pt

:displaymath793:lthtmlCropMarkDepth:=0.0pt:1ex:=5.33331pt
[56]

:tex2html_wrap_inline795:lthtmlCropMarkHeight:=15.0pt

:tex2html_wrap_inline795:lthtmlCropMarkDepth:=3.0pt:1ex:=5.33331pt
[57]

:tex2html_wrap_inline797:lthtmlCropMarkHeight:=15.88034pt

:tex2html_wrap_inline797:lthtmlCropMarkDepth:=4.97147pt:1ex:=5.33331pt
[58] (./images.aux)

Package rerunfilecheck Warning: File `images.out' has changed.
(rerunfilecheck)                Rerun to get outlines right
(rerunfilecheck)                or use package `bookmark'.

Package rerunfilecheck Info: Checksums for `images.out':
(rerunfilecheck)             Before: <no file>
(rerunfilecheck)             After:  D41D8CD98F00B204E9800998ECF8427E;0.
 ) 
Here is how much of TeX's memory you used:
 11264 strings out of 478287
 178271 string characters out of 5849288
 464038 words of memory out of 5000000
 29270 multiletter control sequences out of 15000+600000
 473576 words of font info for 43 fonts, out of 8000000 for 9000
 1141 hyphenation exceptions out of 8191
 60i,12n,63p,243b,328s stack positions out of 5000i,500n,10000p,200000b,80000s
</usr/share/texlive/texmf-dist/fonts/type1/public/amsfonts/cm/cmex10.pfb></us
r/share/texlive/texmf-dist/fonts/type1/public/amsfonts/cm/cmmi12.pfb></usr/shar
e/texlive/texmf-dist/fonts/type1/public/amsfonts/cm/cmmi6.pfb></usr/share/texli
ve/texmf-dist/fonts/type1/public/amsfonts/cm/cmmi8.pfb></usr/share/texlive/texm
f-dist/fonts/type1/public/amsfonts/cm/cmr12.pfb></usr/share/texlive/texmf-dist/
fonts/type1/public/amsfonts/cm/cmr8.pfb></usr/share/texlive/texmf-dist/fonts/ty
pe1/public/amsfonts/cm/cmss12.pfb></usr/share/texlive/texmf-dist/fonts/type1/pu
blic/amsfonts/cm/cmsy10.pfb></usr/share/texlive/texmf-dist/fonts/type1/public/a
msfonts/cm/cmsy6.pfb></usr/share/texlive/texmf-dist/fonts/type1/public/amsfonts
/cm/cmsy8.pfb>
Output written on images.pdf (58 pages, 124950 bytes).
PDF statistics:
 329 PDF objects out of 1000 (max. 8388607)
 242 compressed objects within 3 object streams
 58 named destinations out of 1000 (max. 500000)
 11 words of extra memory for PDF output out of 10000 (max. 10000000)

